
Showing logs for build [32mcb-kubecd-environment-pr-5485-7-6qc56-1[0m stage [32mmeta-pipeline[0m and container [32mstep-credential-initializer-t464t[0m
{"level":"warn","ts":1568453010.0210836,"logger":"fallback-logger","caller":"logging/config.go:69","msg":"Fetch GitHub commit ID from kodata failed: \"ref: refs/heads/master\" is not a valid GitHub commit ID"}
{"level":"info","ts":1568453010.0234306,"logger":"fallback-logger","caller":"creds-init/main.go:40","msg":"Credentials initialized."}

Showing logs for build [32mcb-kubecd-environment-pr-5485-7-6qc56-1[0m stage [32mmeta-pipeline[0m and container [32mstep-working-dir-initializer-mmhcw[0m
{"level":"warn","ts":1568453011.0168715,"logger":"fallback-logger","caller":"logging/config.go:69","msg":"Fetch GitHub commit ID from kodata failed: open /var/run/ko/HEAD: no such file or directory"}
{"level":"info","ts":1568453011.0183082,"logger":"fallback-logger","caller":"bash/main.go:65","msg":"Successfully executed command \"mkdir -p /workspace/source\""}

Showing logs for build [32mcb-kubecd-environment-pr-5485-7-6qc56-1[0m stage [32mmeta-pipeline[0m and container [32mstep-place-tools[0m

Showing logs for build [32mcb-kubecd-environment-pr-5485-7-6qc56-1[0m stage [32mmeta-pipeline[0m and container [32mstep-git-source-meta-cb-kubecd-environment-pr-5-m9th5[0m
{"level":"warn","ts":1568453016.0465362,"logger":"fallback-logger","caller":"logging/config.go:69","msg":"Fetch GitHub commit ID from kodata failed: \"ref: refs/heads/master\" is not a valid GitHub commit ID"}
{"level":"info","ts":1568453017.089301,"logger":"fallback-logger","caller":"git/git.go:102","msg":"Successfully cloned https://github.com/cb-kubecd/environment-pr-5485-7-tekton-gkebdd-production.git @ 966276e7af23e88f43a05519e4e4b26ab886426b in path /workspace/source"}

Showing logs for build [32mcb-kubecd-environment-pr-5485-7-6qc56-1[0m stage [32mmeta-pipeline[0m and container [32mstep-git-merge[0m
Using SHAs from PULL_REFS=master:966276e7af23e88f43a05519e4e4b26ab886426b,1:a77dfd4d7384490749073a536b2e9b5bf762c018
DEBUG: ran git fetch --unshallow origin a77dfd4d7384490749073a536b2e9b5bf762c018: 966276e7af23e88f43a05519e4e4b26ab886426b: in 
DEBUG: ran git checkout master in 
DEBUG: ran git reset --hard 966276e7af23e88f43a05519e4e4b26ab886426b in 
DEBUG: ran clean --force -d . in 
DEBUG: ran git merge a77dfd4d7384490749073a536b2e9b5bf762c018 in 
Merged SHA a77dfd4d7384490749073a536b2e9b5bf762c018 with commit message 'chore: Promote bdd-spring-1568452331 to version 0.0.1' into base branch master

Showing logs for build [32mcb-kubecd-environment-pr-5485-7-6qc56-1[0m stage [32mmeta-pipeline[0m and container [32mstep-merge-pull-refs[0m
DEBUG: ran git fetch origin a77dfd4d7384490749073a536b2e9b5bf762c018: 966276e7af23e88f43a05519e4e4b26ab886426b: in 
DEBUG: Unshallowed git repo in 
DEBUG: ran git checkout master in 
DEBUG: ran git reset --hard 966276e7af23e88f43a05519e4e4b26ab886426b in 
DEBUG: ran clean --force -d . in 
DEBUG: ran git merge a77dfd4d7384490749073a536b2e9b5bf762c018 in 
Merged SHA a77dfd4d7384490749073a536b2e9b5bf762c018 with commit message 'chore: Promote bdd-spring-1568452331 to version 0.0.1' into base branch master

Showing logs for build [32mcb-kubecd-environment-pr-5485-7-6qc56-1[0m stage [32mmeta-pipeline[0m and container [32mstep-create-effective-pipeline[0m
Deleting and cloning the Jenkins X versions repo
Cloning the Jenkins X versions repo https://github.com/jenkins-x/jenkins-x-versions.git with ref refs/heads/master to /builder/home/.**/jenkins-x-versions
selected pack: /builder/home/.**/draft/packs/github.com/jenkins-x-buildpacks/jenkins-x-kubernetes/packs/environment
Effective pipeline written to jenkins-x-promotion-build-effective.yml

Showing logs for build [32mcb-kubecd-environment-pr-5485-7-6qc56-1[0m stage [32mmeta-pipeline[0m and container [32mstep-create-tekton-crds[0m
PipelineActivity for cb-kubecd-environment-pr-5485-7-tekton-gkebdd-production-PR-1-1
Applying changes 
upserted PipelineResource cb-kubecd-environment-pr-5485-7 for the git repository https://github.com/cb-kubecd/environment-pr-5485-7-tekton-gkebdd-production.git
upserted Task cb-kubecd-environment-pr-5485-7-6qc56-from-build-pack-1
upserted Pipeline cb-kubecd-environment-pr-5485-7-6qc56-1
created PipelineRun cb-kubecd-environment-pr-5485-7-6qc56-1
created PipelineStructure cb-kubecd-environment-pr-5485-7-6qc56-1

Showing logs for build [32mcb-kubecd-environment-pr-5485-7-6qc56-1[0m stage [32mfrom-build-pack[0m and container [32mstep-credential-initializer-xbdwd[0m
{"level":"warn","ts":1568453027.9369597,"logger":"fallback-logger","caller":"logging/config.go:69","msg":"Fetch GitHub commit ID from kodata failed: \"ref: refs/heads/master\" is not a valid GitHub commit ID"}
{"level":"info","ts":1568453027.93821,"logger":"fallback-logger","caller":"creds-init/main.go:40","msg":"Credentials initialized."}

Showing logs for build [32mcb-kubecd-environment-pr-5485-7-6qc56-1[0m stage [32mfrom-build-pack[0m and container [32mstep-working-dir-initializer-78rjx[0m
{"level":"warn","ts":1568453028.9222045,"logger":"fallback-logger","caller":"logging/config.go:69","msg":"Fetch GitHub commit ID from kodata failed: open /var/run/ko/HEAD: no such file or directory"}
{"level":"info","ts":1568453028.9252574,"logger":"fallback-logger","caller":"bash/main.go:65","msg":"Successfully executed command \"mkdir -p /workspace/source /workspace/source/env\""}

Showing logs for build [32mcb-kubecd-environment-pr-5485-7-6qc56-1[0m stage [32mfrom-build-pack[0m and container [32mstep-place-tools[0m

Showing logs for build [32mcb-kubecd-environment-pr-5485-7-6qc56-1[0m stage [32mfrom-build-pack[0m and container [32mstep-git-source-cb-kubecd-environment-pr-5485-7-ccccv[0m
{"level":"warn","ts":1568453033.0354779,"logger":"fallback-logger","caller":"logging/config.go:69","msg":"Fetch GitHub commit ID from kodata failed: \"ref: refs/heads/master\" is not a valid GitHub commit ID"}
{"level":"info","ts":1568453034.0743785,"logger":"fallback-logger","caller":"git/git.go:102","msg":"Successfully cloned https://github.com/cb-kubecd/environment-pr-5485-7-tekton-gkebdd-production.git @ master in path /workspace/source"}

Showing logs for build [32mcb-kubecd-environment-pr-5485-7-6qc56-1[0m stage [32mfrom-build-pack[0m and container [32mstep-git-merge[0m
Using SHAs from PULL_REFS=master:966276e7af23e88f43a05519e4e4b26ab886426b,1:a77dfd4d7384490749073a536b2e9b5bf762c018
DEBUG: ran git fetch --unshallow origin a77dfd4d7384490749073a536b2e9b5bf762c018: 966276e7af23e88f43a05519e4e4b26ab886426b: in 
DEBUG: ran git checkout master in 
DEBUG: ran git reset --hard 966276e7af23e88f43a05519e4e4b26ab886426b in 
DEBUG: ran clean --force -d . in 
DEBUG: ran git merge a77dfd4d7384490749073a536b2e9b5bf762c018 in 
Merged SHA a77dfd4d7384490749073a536b2e9b5bf762c018 with commit message 'chore: Promote bdd-spring-1568452331 to version 0.0.1' into base branch master

Showing logs for build [32mcb-kubecd-environment-pr-5485-7-6qc56-1[0m stage [32mfrom-build-pack[0m and container [32mstep-build-helm-build[0m
WARNING: No $CHART_REPOSITORY defined so using the default value of: http://jenkins-x-chartmuseum:8080
Adding missing Helm repo: storage.googleapis.com https://storage.googleapis.com/chartmuseum.jenkins-x.io
Successfully added Helm repository storage.googleapis.com.
Adding missing Helm repo: jenkins-x-chartmuseum http://jenkins-x-chartmuseum:8080
Successfully added Helm repository jenkins-x-chartmuseum.
WARNING: No $CHART_REPOSITORY defined so using the default value of: http://jenkins-x-chartmuseum:8080
Adding missing Helm repo: chartmuseum.jenkins-x.io http://chartmuseum.jenkins-x.io
Successfully added Helm repository chartmuseum.jenkins-x.io.
